<?xml version="1.0" encoding="UTF-8"?>
<testng-results skipped="0" failed="0" ignored="0" total="1" passed="1">
  <reporter-output>
  </reporter-output>
  <suite name="Default suite" duration-ms="13264" started-at="2018-07-07T10:52:03Z" finished-at="2018-07-07T10:52:16Z">
    <groups>
    </groups>
    <test name="Default test" duration-ms="13264" started-at="2018-07-07T10:52:03Z" finished-at="2018-07-07T10:52:16Z">
      <class name="example.NewTest">
        <test-method status="PASS" signature="beforeTest()[pri:0, instance:example.NewTest@66a3ffec]" name="beforeTest" is-config="true" duration-ms="6012" started-at="2018-07-07T10:52:03Z" finished-at="2018-07-07T10:52:09Z">
          <reporter-output>
          </reporter-output>
        </test-method> <!-- beforeTest -->
        <test-method status="PASS" signature="testEasy()[pri:0, instance:example.NewTest@66a3ffec]" name="testEasy" duration-ms="4012" started-at="2018-07-07T10:52:09Z" finished-at="2018-07-07T10:52:13Z">
          <reporter-output>
          </reporter-output>
        </test-method> <!-- testEasy -->
        <test-method status="PASS" signature="afterTest()[pri:0, instance:example.NewTest@66a3ffec]" name="afterTest" is-config="true" duration-ms="3205" started-at="2018-07-07T10:52:13Z" finished-at="2018-07-07T10:52:16Z">
          <reporter-output>
          </reporter-output>
        </test-method> <!-- afterTest -->
      </class> <!-- example.NewTest -->
    </test> <!-- Default test -->
  </suite> <!-- Default suite -->
</testng-results>
