<?xml version="1.0" encoding="UTF-8"?>
<!-- Generated by org.testng.reporters.JUnitXMLReporter -->
<testsuite hostname="santra-WX-1" ignored="0" name="Default test" tests="3" failures="0" timestamp="14 Aug 2018 19:00:06 GMT" time="32.511" errors="0">
  <testcase name="loginTest" time="7.505" classname="com.uiFramework.paras.selframework.testScripts.LoginPage.LoginTestWithDataDrivenApproach"/>
  <testcase name="loginTest" time="6.784" classname="com.uiFramework.paras.selframework.testScripts.LoginPage.LoginTestWithDataDrivenApproach"/>
  <testcase name="loginTest" time="0.004" classname="com.uiFramework.paras.selframework.testScripts.LoginPage.LoginTestWithDataDrivenApproach">
    <skipped/>
  </testcase> <!-- loginTest -->
</testsuite> <!-- Default test -->
