<?xml version="1.0" encoding="UTF-8"?>
<!-- Generated by org.testng.reporters.JUnitXMLReporter -->
<testsuite hostname="santra-WX-1" ignored="0" name="VerifyLowestFirstPriceFilter" tests="1" failures="0" timestamp="14 Aug 2018 18:22:20 GMT" time="28.291" errors="0">
  <testcase name="verifyLowestFirstPriceListInProduct_deatilsPage" time="22.154" classname="com.uiFramework.paras.selframework.testScripts.productDetailsPage.VerifyLowestFirstPriceFilter"/>
</testsuite> <!-- VerifyLowestFirstPriceFilter -->
