<?xml version="1.0" encoding="UTF-8"?>
<!-- Generated by org.testng.reporters.JUnitXMLReporter -->
<testsuite hostname="santra-WX-1" ignored="0" name="SecondTest" tests="1" failures="1" timestamp="09 Aug 2018 12:55:17 GMT" time="0.028" errors="0">
  <testcase name="testLoginB" time="0.003" classname="com.uiFramework.B">
    <failure type="java.lang.AssertionError" message="expected [true] but found [false]">
      <![CDATA[java.lang.AssertionError: expected [true] but found [false]
	at com.uiFramework.B.testLoginB(B.java:19)
... Removed 29 stack frames]]>
    </failure>
  </testcase> <!-- testLoginB -->
</testsuite> <!-- SecondTest -->
