<?xml version="1.0" encoding="UTF-8"?>
<!-- Generated by org.testng.reporters.JUnitXMLReporter -->
<testsuite hostname="santra-WX-1" ignored="0" name="ThirdTest" tests="1" failures="1" timestamp="09 Aug 2018 12:55:17 GMT" time="0.022" errors="0">
  <testcase name="testLoginC" time="0.008" classname="com.uiFramework.C">
    <failure type="java.lang.AssertionError" message="expected [true] but found [false]">
      <![CDATA[java.lang.AssertionError: expected [true] but found [false]
	at com.uiFramework.C.testLoginC(C.java:14)
... Removed 29 stack frames]]>
    </failure>
  </testcase> <!-- testLoginC -->
</testsuite> <!-- ThirdTest -->
