<?xml version="1.0" encoding="UTF-8"?>
<testng-results skipped="0" failed="0" ignored="0" total="4" passed="4">
  <reporter-output>
    <line>
      <![CDATA[captureScreen method called]]>
    </line>
    <line>
      <![CDATA[<a href='D:\sel\uiFramework\src\main\resources\screenShots\blank_14_08_2018_11_51_21.png'><img src='D:\sel\uiFramework\src\main\resources\screenShots\blank_14_08_2018_11_51_21.png'height='100' width='100'/></a>]]>
    </line>
    <line>
      <![CDATA[captureScreen method called]]>
    </line>
    <line>
      <![CDATA[<a href='D:\sel\uiFramework\src\main\resources\screenShots\blank_14_08_2018_11_51_26.png'><img src='D:\sel\uiFramework\src\main\resources\screenShots\blank_14_08_2018_11_51_26.png'height='100' width='100'/></a>]]>
    </line>
    <line>
      <![CDATA[captureScreen method called]]>
    </line>
    <line>
      <![CDATA[<a href='D:\sel\uiFramework\src\main\resources\screenShots\testLoginApplication_14_08_2018_11_51_27.png'><img src='D:\sel\uiFramework\src\main\resources\screenShots\testLoginApplication_14_08_2018_11_51_27.png'height='100' width='100'/></a>]]>
    </line>
    <line>
      <![CDATA[captureScreen method called]]>
    </line>
    <line>
      <![CDATA[<a href='D:\sel\uiFramework\src\main\resources\screenShots\blank_14_08_2018_11_51_41.png'><img src='D:\sel\uiFramework\src\main\resources\screenShots\blank_14_08_2018_11_51_41.png'height='100' width='100'/></a>]]>
    </line>
    <line>
      <![CDATA[captureScreen method called]]>
    </line>
    <line>
      <![CDATA[<a href='D:\sel\uiFramework\src\main\resources\screenShots\blank_14_08_2018_11_51_46.png'><img src='D:\sel\uiFramework\src\main\resources\screenShots\blank_14_08_2018_11_51_46.png'height='100' width='100'/></a>]]>
    </line>
    <line>
      <![CDATA[captureScreen method called]]>
    </line>
    <line>
      <![CDATA[<a href='D:\sel\uiFramework\src\main\resources\screenShots\blank_14_08_2018_11_51_50.png'><img src='D:\sel\uiFramework\src\main\resources\screenShots\blank_14_08_2018_11_51_50.png'height='100' width='100'/></a>]]>
    </line>
    <line>
      <![CDATA[captureScreen method called]]>
    </line>
    <line>
      <![CDATA[<a href='D:\sel\uiFramework\src\main\resources\screenShots\testRegistration_14_08_2018_11_51_51.png'><img src='D:\sel\uiFramework\src\main\resources\screenShots\testRegistration_14_08_2018_11_51_51.png'height='100' width='100'/></a>]]>
    </line>
    <line>
      <![CDATA[captureScreen method called]]>
    </line>
    <line>
      <![CDATA[<a href='D:\sel\uiFramework\src\main\resources\screenShots\blank_14_08_2018_11_52_04.png'><img src='D:\sel\uiFramework\src\main\resources\screenShots\blank_14_08_2018_11_52_04.png'height='100' width='100'/></a>]]>
    </line>
    <line>
      <![CDATA[captureScreen method called]]>
    </line>
    <line>
      <![CDATA[<a href='D:\sel\uiFramework\src\main\resources\screenShots\blank_14_08_2018_11_52_08.png'><img src='D:\sel\uiFramework\src\main\resources\screenShots\blank_14_08_2018_11_52_08.png'height='100' width='100'/></a>]]>
    </line>
    <line>
      <![CDATA[captureScreen method called]]>
    </line>
    <line>
      <![CDATA[<a href='D:\sel\uiFramework\src\main\resources\screenShots\verifyLowestFirstPriceListInProduct_deatilsPage_14_08_2018_11_52_17.png'><img src='D:\sel\uiFramework\src\main\resources\screenShots\verifyLowestFirstPriceListInProduct_deatilsPage_14_08_2018_11_52_17.png'height='100' width='100'/></a>]]>
    </line>
    <line>
      <![CDATA[captureScreen method called]]>
    </line>
    <line>
      <![CDATA[<a href='D:\sel\uiFramework\src\main\resources\screenShots\blank_14_08_2018_11_52_33.png'><img src='D:\sel\uiFramework\src\main\resources\screenShots\blank_14_08_2018_11_52_33.png'height='100' width='100'/></a>]]>
    </line>
    <line>
      <![CDATA[captureScreen method called]]>
    </line>
    <line>
      <![CDATA[<a href='D:\sel\uiFramework\src\main\resources\screenShots\blank_14_08_2018_11_52_38.png'><img src='D:\sel\uiFramework\src\main\resources\screenShots\blank_14_08_2018_11_52_38.png'height='100' width='100'/></a>]]>
    </line>
    <line>
      <![CDATA[captureScreen method called]]>
    </line>
    <line>
      <![CDATA[<a href='D:\sel\uiFramework\src\main\resources\screenShots\testVerifyProductCounts_14_08_2018_11_52_45.png'><img src='D:\sel\uiFramework\src\main\resources\screenShots\testVerifyProductCounts_14_08_2018_11_52_45.png'height='100' width='100'/></a>]]>
    </line>
  </reporter-output>
  <suite name="All Test" duration-ms="104910" started-at="2018-08-14T18:21:03Z" finished-at="2018-08-14T18:22:48Z">
    <groups>
    </groups>
    <test name="LoginTest" duration-ms="24526" started-at="2018-08-14T18:21:03Z" finished-at="2018-08-14T18:21:28Z">
      <class name="com.uiFramework.paras.selframework.testScripts.LoginPage.LoginTest">
        <test-method status="PASS" signature="beforeTest()[pri:0, instance:com.uiFramework.paras.selframework.testScripts.LoginPage.LoginTest@1593948d]" name="beforeTest" is-config="true" duration-ms="4122" started-at="2018-08-14T23:51:03Z" finished-at="2018-08-14T23:51:07Z">
          <reporter-output>
          </reporter-output>
        </test-method> <!-- beforeTest -->
        <test-method status="PASS" signature="beforeClass()[pri:0, instance:com.uiFramework.paras.selframework.testScripts.LoginPage.LoginTest@1593948d]" name="beforeClass" is-config="true" duration-ms="3" started-at="2018-08-14T23:51:07Z" finished-at="2018-08-14T23:51:07Z">
          <reporter-output>
          </reporter-output>
        </test-method> <!-- beforeClass -->
        <test-method status="PASS" signature="beforeMethod(java.lang.reflect.Method)[pri:0, instance:com.uiFramework.paras.selframework.testScripts.LoginPage.LoginTest@1593948d]" name="beforeMethod" is-config="true" duration-ms="5" started-at="2018-08-14T23:51:07Z" finished-at="2018-08-14T23:51:07Z">
          <params>
            <param index="0">
              <value>
                <![CDATA[public void com.uiFramework.paras.selframework.testScripts.LoginPage.LoginTest.testLoginApplication()]]>
              </value>
            </param>
          </params>
          <reporter-output>
          </reporter-output>
        </test-method> <!-- beforeMethod -->
        <test-method status="PASS" signature="testLoginApplication()[pri:0, instance:com.uiFramework.paras.selframework.testScripts.LoginPage.LoginTest@1593948d]" name="testLoginApplication" duration-ms="19636" started-at="2018-08-14T23:51:07Z" description="Login test with valid credentials" finished-at="2018-08-14T23:51:27Z">
          <reporter-output>
            <line>
              <![CDATA[captureScreen method called]]>
            </line>
            <line>
              <![CDATA[<a href='D:\sel\uiFramework\src\main\resources\screenShots\blank_14_08_2018_11_51_21.png'><img src='D:\sel\uiFramework\src\main\resources\screenShots\blank_14_08_2018_11_51_21.png'height='100' width='100'/></a>]]>
            </line>
            <line>
              <![CDATA[captureScreen method called]]>
            </line>
            <line>
              <![CDATA[<a href='D:\sel\uiFramework\src\main\resources\screenShots\blank_14_08_2018_11_51_26.png'><img src='D:\sel\uiFramework\src\main\resources\screenShots\blank_14_08_2018_11_51_26.png'height='100' width='100'/></a>]]>
            </line>
          </reporter-output>
        </test-method> <!-- testLoginApplication -->
        <test-method status="PASS" signature="afterMethod(org.testng.ITestResult)[pri:0, instance:com.uiFramework.paras.selframework.testScripts.LoginPage.LoginTest@1593948d]" name="afterMethod" is-config="true" duration-ms="626" started-at="2018-08-14T23:51:27Z" finished-at="2018-08-14T23:51:27Z">
          <params>
            <param index="0">
              <value>
                <![CDATA[[TestResult name=testLoginApplication status=SUCCESS method=LoginTest.testLoginApplication()[pri:0, instance:com.uiFramework.paras.selframework.testScripts.LoginPage.LoginTest@1593948d] output=captureScreen method called]]]>
              </value>
            </param>
          </params>
          <reporter-output>
            <line>
              <![CDATA[captureScreen method called]]>
            </line>
            <line>
              <![CDATA[<a href='D:\sel\uiFramework\src\main\resources\screenShots\testLoginApplication_14_08_2018_11_51_27.png'><img src='D:\sel\uiFramework\src\main\resources\screenShots\testLoginApplication_14_08_2018_11_51_27.png'height='100' width='100'/></a>]]>
            </line>
          </reporter-output>
        </test-method> <!-- afterMethod -->
        <test-method status="PASS" signature="afterTest()[pri:0, instance:com.uiFramework.paras.selframework.testScripts.LoginPage.LoginTest@1593948d]" name="afterTest" is-config="true" duration-ms="124" started-at="2018-08-14T23:51:27Z" finished-at="2018-08-14T23:51:28Z">
          <reporter-output>
          </reporter-output>
        </test-method> <!-- afterTest -->
      </class> <!-- com.uiFramework.paras.selframework.testScripts.LoginPage.LoginTest -->
    </test> <!-- LoginTest -->
    <test name="RegistrationTest" duration-ms="23761" started-at="2018-08-14T18:21:28Z" finished-at="2018-08-14T18:21:51Z">
      <class name="com.uiFramework.paras.selframework.testScripts.registration.ResgistrationTest">
        <test-method status="PASS" signature="beforeTest()[pri:0, instance:com.uiFramework.paras.selframework.testScripts.registration.ResgistrationTest@4501b7af]" name="beforeTest" is-config="true" duration-ms="3428" started-at="2018-08-14T23:51:28Z" finished-at="2018-08-14T23:51:31Z">
          <reporter-output>
          </reporter-output>
        </test-method> <!-- beforeTest -->
        <test-method status="PASS" signature="beforeClass()[pri:0, instance:com.uiFramework.paras.selframework.testScripts.registration.ResgistrationTest@4501b7af]" name="beforeClass" is-config="true" duration-ms="0" started-at="2018-08-14T23:51:31Z" finished-at="2018-08-14T23:51:31Z">
          <reporter-output>
          </reporter-output>
        </test-method> <!-- beforeClass -->
        <test-method status="PASS" signature="beforeMethod(java.lang.reflect.Method)[pri:0, instance:com.uiFramework.paras.selframework.testScripts.registration.ResgistrationTest@4501b7af]" name="beforeMethod" is-config="true" duration-ms="0" started-at="2018-08-14T23:51:31Z" finished-at="2018-08-14T23:51:31Z">
          <params>
            <param index="0">
              <value>
                <![CDATA[public void com.uiFramework.paras.selframework.testScripts.registration.ResgistrationTest.testRegistration()]]>
              </value>
            </param>
          </params>
          <reporter-output>
          </reporter-output>
        </test-method> <!-- beforeMethod -->
        <test-method status="PASS" signature="testRegistration()[pri:0, instance:com.uiFramework.paras.selframework.testScripts.registration.ResgistrationTest@4501b7af]" name="testRegistration" duration-ms="19790" started-at="2018-08-14T23:51:31Z" description="New Registration test with valid credentials" finished-at="2018-08-14T23:51:51Z">
          <reporter-output>
            <line>
              <![CDATA[captureScreen method called]]>
            </line>
            <line>
              <![CDATA[<a href='D:\sel\uiFramework\src\main\resources\screenShots\blank_14_08_2018_11_51_41.png'><img src='D:\sel\uiFramework\src\main\resources\screenShots\blank_14_08_2018_11_51_41.png'height='100' width='100'/></a>]]>
            </line>
            <line>
              <![CDATA[captureScreen method called]]>
            </line>
            <line>
              <![CDATA[<a href='D:\sel\uiFramework\src\main\resources\screenShots\blank_14_08_2018_11_51_46.png'><img src='D:\sel\uiFramework\src\main\resources\screenShots\blank_14_08_2018_11_51_46.png'height='100' width='100'/></a>]]>
            </line>
            <line>
              <![CDATA[captureScreen method called]]>
            </line>
            <line>
              <![CDATA[<a href='D:\sel\uiFramework\src\main\resources\screenShots\blank_14_08_2018_11_51_50.png'><img src='D:\sel\uiFramework\src\main\resources\screenShots\blank_14_08_2018_11_51_50.png'height='100' width='100'/></a>]]>
            </line>
          </reporter-output>
        </test-method> <!-- testRegistration -->
        <test-method status="PASS" signature="afterMethod(org.testng.ITestResult)[pri:0, instance:com.uiFramework.paras.selframework.testScripts.registration.ResgistrationTest@4501b7af]" name="afterMethod" is-config="true" duration-ms="408" started-at="2018-08-14T23:51:51Z" finished-at="2018-08-14T23:51:51Z">
          <params>
            <param index="0">
              <value>
                <![CDATA[[TestResult name=testRegistration status=SUCCESS method=ResgistrationTest.testRegistration()[pri:0, instance:com.uiFramework.paras.selframework.testScripts.registration.ResgistrationTest@4501b7af] output=captureScreen method called]]]>
              </value>
            </param>
          </params>
          <reporter-output>
            <line>
              <![CDATA[captureScreen method called]]>
            </line>
            <line>
              <![CDATA[<a href='D:\sel\uiFramework\src\main\resources\screenShots\testRegistration_14_08_2018_11_51_51.png'><img src='D:\sel\uiFramework\src\main\resources\screenShots\testRegistration_14_08_2018_11_51_51.png'height='100' width='100'/></a>]]>
            </line>
          </reporter-output>
        </test-method> <!-- afterMethod -->
        <test-method status="PASS" signature="afterTest()[pri:0, instance:com.uiFramework.paras.selframework.testScripts.registration.ResgistrationTest@4501b7af]" name="afterTest" is-config="true" duration-ms="134" started-at="2018-08-14T23:51:51Z" finished-at="2018-08-14T23:51:51Z">
          <reporter-output>
          </reporter-output>
        </test-method> <!-- afterTest -->
      </class> <!-- com.uiFramework.paras.selframework.testScripts.registration.ResgistrationTest -->
    </test> <!-- RegistrationTest -->
    <test name="VerifyLowestFirstPriceFilter" duration-ms="28291" started-at="2018-08-14T18:21:51Z" finished-at="2018-08-14T18:22:20Z">
      <class name="com.uiFramework.paras.selframework.testScripts.productDetailsPage.VerifyLowestFirstPriceFilter">
        <test-method status="PASS" signature="beforeTest()[pri:0, instance:com.uiFramework.paras.selframework.testScripts.productDetailsPage.VerifyLowestFirstPriceFilter@26653222]" name="beforeTest" is-config="true" duration-ms="3415" started-at="2018-08-14T23:51:51Z" finished-at="2018-08-14T23:51:55Z">
          <reporter-output>
          </reporter-output>
        </test-method> <!-- beforeTest -->
        <test-method status="PASS" signature="verifyLowestFirstPriceListInProduct_deatilsPage()[pri:0, instance:com.uiFramework.paras.selframework.testScripts.productDetailsPage.VerifyLowestFirstPriceFilter@26653222]" name="verifyLowestFirstPriceListInProduct_deatilsPage" duration-ms="22154" started-at="2018-08-14T23:51:55Z" finished-at="2018-08-14T23:52:17Z">
          <reporter-output>
            <line>
              <![CDATA[captureScreen method called]]>
            </line>
            <line>
              <![CDATA[<a href='D:\sel\uiFramework\src\main\resources\screenShots\blank_14_08_2018_11_52_04.png'><img src='D:\sel\uiFramework\src\main\resources\screenShots\blank_14_08_2018_11_52_04.png'height='100' width='100'/></a>]]>
            </line>
            <line>
              <![CDATA[captureScreen method called]]>
            </line>
            <line>
              <![CDATA[<a href='D:\sel\uiFramework\src\main\resources\screenShots\blank_14_08_2018_11_52_08.png'><img src='D:\sel\uiFramework\src\main\resources\screenShots\blank_14_08_2018_11_52_08.png'height='100' width='100'/></a>]]>
            </line>
          </reporter-output>
        </test-method> <!-- verifyLowestFirstPriceListInProduct_deatilsPage -->
        <test-method status="PASS" signature="beforeClass()[pri:0, instance:com.uiFramework.paras.selframework.testScripts.productDetailsPage.VerifyLowestFirstPriceFilter@26653222]" name="beforeClass" is-config="true" duration-ms="0" started-at="2018-08-14T23:51:55Z" finished-at="2018-08-14T23:51:55Z">
          <reporter-output>
          </reporter-output>
        </test-method> <!-- beforeClass -->
        <test-method status="PASS" signature="beforeMethod(java.lang.reflect.Method)[pri:0, instance:com.uiFramework.paras.selframework.testScripts.productDetailsPage.VerifyLowestFirstPriceFilter@26653222]" name="beforeMethod" is-config="true" duration-ms="0" started-at="2018-08-14T23:51:55Z" finished-at="2018-08-14T23:51:55Z">
          <params>
            <param index="0">
              <value>
                <![CDATA[public void com.uiFramework.paras.selframework.testScripts.productDetailsPage.VerifyLowestFirstPriceFilter.verifyLowestFirstPriceListInProduct_deatilsPage() throws java.lang.InterruptedException]]>
              </value>
            </param>
          </params>
          <reporter-output>
          </reporter-output>
        </test-method> <!-- beforeMethod -->
        <test-method status="PASS" signature="afterMethod(org.testng.ITestResult)[pri:0, instance:com.uiFramework.paras.selframework.testScripts.productDetailsPage.VerifyLowestFirstPriceFilter@26653222]" name="afterMethod" is-config="true" duration-ms="390" started-at="2018-08-14T23:52:17Z" finished-at="2018-08-14T23:52:17Z">
          <params>
            <param index="0">
              <value>
                <![CDATA[[TestResult name=verifyLowestFirstPriceListInProduct_deatilsPage status=SUCCESS method=VerifyLowestFirstPriceFilter.verifyLowestFirstPriceListInProduct_deatilsPage()[pri:0, instance:com.uiFramework.paras.selframework.testScripts.productDetailsPage.VerifyLowestFirstPriceFilter@26653222] output=captureScreen method called]]]>
              </value>
            </param>
          </params>
          <reporter-output>
            <line>
              <![CDATA[captureScreen method called]]>
            </line>
            <line>
              <![CDATA[<a href='D:\sel\uiFramework\src\main\resources\screenShots\verifyLowestFirstPriceListInProduct_deatilsPage_14_08_2018_11_52_17.png'><img src='D:\sel\uiFramework\src\main\resources\screenShots\verifyLowestFirstPriceListInProduct_deatilsPage_14_08_2018_11_52_17.png'height='100' width='100'/></a>]]>
            </line>
          </reporter-output>
        </test-method> <!-- afterMethod -->
        <test-method status="PASS" signature="afterTest()[pri:0, instance:com.uiFramework.paras.selframework.testScripts.productDetailsPage.VerifyLowestFirstPriceFilter@26653222]" name="afterTest" is-config="true" duration-ms="2330" started-at="2018-08-14T23:52:17Z" finished-at="2018-08-14T23:52:20Z">
          <reporter-output>
          </reporter-output>
        </test-method> <!-- afterTest -->
      </class> <!-- com.uiFramework.paras.selframework.testScripts.productDetailsPage.VerifyLowestFirstPriceFilter -->
    </test> <!-- VerifyLowestFirstPriceFilter -->
    <test name="VerifyProductCounts" duration-ms="28288" started-at="2018-08-14T18:22:20Z" finished-at="2018-08-14T18:22:48Z">
      <class name="com.uiFramework.paras.selframework.testScripts.productDetailsPage.VerifyProductCounts">
        <test-method status="PASS" signature="beforeSuite()[pri:0, instance:com.uiFramework.paras.selframework.testScripts.productDetailsPage.VerifyProductCounts@47c62251]" name="beforeSuite" is-config="true" duration-ms="181" started-at="2018-08-14T23:51:03Z" finished-at="2018-08-14T23:51:03Z">
          <reporter-output>
          </reporter-output>
        </test-method> <!-- beforeSuite -->
        <test-method status="PASS" signature="beforeTest()[pri:0, instance:com.uiFramework.paras.selframework.testScripts.productDetailsPage.VerifyProductCounts@47c62251]" name="beforeTest" is-config="true" duration-ms="3396" started-at="2018-08-14T23:52:20Z" finished-at="2018-08-14T23:52:23Z">
          <reporter-output>
          </reporter-output>
        </test-method> <!-- beforeTest -->
        <test-method status="PASS" signature="beforeClass()[pri:0, instance:com.uiFramework.paras.selframework.testScripts.productDetailsPage.VerifyProductCounts@47c62251]" name="beforeClass" is-config="true" duration-ms="0" started-at="2018-08-14T23:52:23Z" finished-at="2018-08-14T23:52:23Z">
          <reporter-output>
          </reporter-output>
        </test-method> <!-- beforeClass -->
        <test-method status="PASS" signature="beforeMethod(java.lang.reflect.Method)[pri:0, instance:com.uiFramework.paras.selframework.testScripts.productDetailsPage.VerifyProductCounts@47c62251]" name="beforeMethod" is-config="true" duration-ms="1" started-at="2018-08-14T23:52:23Z" finished-at="2018-08-14T23:52:23Z">
          <params>
            <param index="0">
              <value>
                <![CDATA[public void com.uiFramework.paras.selframework.testScripts.productDetailsPage.VerifyProductCounts.testVerifyProductCounts()]]>
              </value>
            </param>
          </params>
          <reporter-output>
          </reporter-output>
        </test-method> <!-- beforeMethod -->
        <test-method status="PASS" signature="testVerifyProductCounts()[pri:0, instance:com.uiFramework.paras.selframework.testScripts.productDetailsPage.VerifyProductCounts@47c62251]" name="testVerifyProductCounts" duration-ms="22079" started-at="2018-08-14T23:52:23Z" finished-at="2018-08-14T23:52:45Z">
          <reporter-output>
            <line>
              <![CDATA[captureScreen method called]]>
            </line>
            <line>
              <![CDATA[<a href='D:\sel\uiFramework\src\main\resources\screenShots\blank_14_08_2018_11_52_33.png'><img src='D:\sel\uiFramework\src\main\resources\screenShots\blank_14_08_2018_11_52_33.png'height='100' width='100'/></a>]]>
            </line>
            <line>
              <![CDATA[captureScreen method called]]>
            </line>
            <line>
              <![CDATA[<a href='D:\sel\uiFramework\src\main\resources\screenShots\blank_14_08_2018_11_52_38.png'><img src='D:\sel\uiFramework\src\main\resources\screenShots\blank_14_08_2018_11_52_38.png'height='100' width='100'/></a>]]>
            </line>
          </reporter-output>
        </test-method> <!-- testVerifyProductCounts -->
        <test-method status="PASS" signature="afterMethod(org.testng.ITestResult)[pri:0, instance:com.uiFramework.paras.selframework.testScripts.productDetailsPage.VerifyProductCounts@47c62251]" name="afterMethod" is-config="true" duration-ms="490" started-at="2018-08-14T23:52:45Z" finished-at="2018-08-14T23:52:46Z">
          <params>
            <param index="0">
              <value>
                <![CDATA[[TestResult name=testVerifyProductCounts status=SUCCESS method=VerifyProductCounts.testVerifyProductCounts()[pri:0, instance:com.uiFramework.paras.selframework.testScripts.productDetailsPage.VerifyProductCounts@47c62251] output=captureScreen method called]]]>
              </value>
            </param>
          </params>
          <reporter-output>
            <line>
              <![CDATA[captureScreen method called]]>
            </line>
            <line>
              <![CDATA[<a href='D:\sel\uiFramework\src\main\resources\screenShots\testVerifyProductCounts_14_08_2018_11_52_45.png'><img src='D:\sel\uiFramework\src\main\resources\screenShots\testVerifyProductCounts_14_08_2018_11_52_45.png'height='100' width='100'/></a>]]>
            </line>
          </reporter-output>
        </test-method> <!-- afterMethod -->
        <test-method status="PASS" signature="afterTest()[pri:0, instance:com.uiFramework.paras.selframework.testScripts.productDetailsPage.VerifyProductCounts@47c62251]" name="afterTest" is-config="true" duration-ms="2321" started-at="2018-08-14T23:52:46Z" finished-at="2018-08-14T23:52:48Z">
          <reporter-output>
          </reporter-output>
        </test-method> <!-- afterTest -->
      </class> <!-- com.uiFramework.paras.selframework.testScripts.productDetailsPage.VerifyProductCounts -->
    </test> <!-- VerifyProductCounts -->
  </suite> <!-- All Test -->
</testng-results>
