<?xml version="1.0" encoding="UTF-8"?>
<testng-results skipped="1" failed="0" ignored="0" total="3" passed="2">
  <reporter-output>
    <line>
      <![CDATA[captureScreen method called]]>
    </line>
    <line>
      <![CDATA[<a href='D:\sel\uiFramework\src\main\resources\screenShots\blank_15_08_2018_12_29_49.png'><img src='D:\sel\uiFramework\src\main\resources\screenShots\blank_15_08_2018_12_29_49.png'height='100' width='100'/></a>]]>
    </line>
    <line>
      <![CDATA[captureScreen method called]]>
    </line>
    <line>
      <![CDATA[<a href='D:\sel\uiFramework\src\main\resources\screenShots\blank_15_08_2018_12_29_55.png'><img src='D:\sel\uiFramework\src\main\resources\screenShots\blank_15_08_2018_12_29_55.png'height='100' width='100'/></a>]]>
    </line>
    <line>
      <![CDATA[captureScreen method called]]>
    </line>
    <line>
      <![CDATA[<a href='D:\sel\uiFramework\src\main\resources\screenShots\loginTest_15_08_2018_12_29_58.png'><img src='D:\sel\uiFramework\src\main\resources\screenShots\loginTest_15_08_2018_12_29_58.png'height='100' width='100'/></a>]]>
    </line>
    <line>
      <![CDATA[captureScreen method called]]>
    </line>
    <line>
      <![CDATA[<a href='D:\sel\uiFramework\src\main\resources\screenShots\blank_15_08_2018_12_30_02.png'><img src='D:\sel\uiFramework\src\main\resources\screenShots\blank_15_08_2018_12_30_02.png'height='100' width='100'/></a>]]>
    </line>
    <line>
      <![CDATA[captureScreen method called]]>
    </line>
    <line>
      <![CDATA[<a href='D:\sel\uiFramework\src\main\resources\screenShots\loginTest_15_08_2018_12_30_05.png'><img src='D:\sel\uiFramework\src\main\resources\screenShots\loginTest_15_08_2018_12_30_05.png'height='100' width='100'/></a>]]>
    </line>
  </reporter-output>
  <suite name="Default suite" duration-ms="32511" started-at="2018-08-14T18:59:33Z" finished-at="2018-08-14T19:00:06Z">
    <groups>
    </groups>
    <test name="Default test" duration-ms="32511" started-at="2018-08-14T18:59:33Z" finished-at="2018-08-14T19:00:06Z">
      <class name="com.uiFramework.paras.selframework.testScripts.LoginPage.LoginTestWithDataDrivenApproach">
        <test-method status="PASS" signature="beforeSuite()[pri:0, instance:com.uiFramework.paras.selframework.testScripts.LoginPage.LoginTestWithDataDrivenApproach@370736d9]" name="beforeSuite" is-config="true" duration-ms="158" started-at="2018-08-15T00:29:33Z" finished-at="2018-08-15T00:29:33Z">
          <reporter-output>
          </reporter-output>
        </test-method> <!-- beforeSuite -->
        <test-method status="PASS" signature="beforeTest()[pri:0, instance:com.uiFramework.paras.selframework.testScripts.LoginPage.LoginTestWithDataDrivenApproach@370736d9]" name="beforeTest" is-config="true" duration-ms="4258" started-at="2018-08-15T00:29:33Z" finished-at="2018-08-15T00:29:37Z">
          <reporter-output>
          </reporter-output>
        </test-method> <!-- beforeTest -->
        <test-method status="PASS" signature="beforeClass()[pri:0, instance:com.uiFramework.paras.selframework.testScripts.LoginPage.LoginTestWithDataDrivenApproach@370736d9]" name="beforeClass" is-config="true" duration-ms="12087" started-at="2018-08-15T00:29:37Z" finished-at="2018-08-15T00:29:50Z">
          <reporter-output>
            <line>
              <![CDATA[captureScreen method called]]>
            </line>
            <line>
              <![CDATA[<a href='D:\sel\uiFramework\src\main\resources\screenShots\blank_15_08_2018_12_29_49.png'><img src='D:\sel\uiFramework\src\main\resources\screenShots\blank_15_08_2018_12_29_49.png'height='100' width='100'/></a>]]>
            </line>
          </reporter-output>
        </test-method> <!-- beforeClass -->
        <test-method status="PASS" signature="beforeMethod(java.lang.reflect.Method)[pri:0, instance:com.uiFramework.paras.selframework.testScripts.LoginPage.LoginTestWithDataDrivenApproach@370736d9]" name="beforeMethod" is-config="true" duration-ms="1" started-at="2018-08-15T00:29:50Z" finished-at="2018-08-15T00:29:50Z">
          <params>
            <param index="0">
              <value>
                <![CDATA[public void com.uiFramework.paras.selframework.testScripts.LoginPage.LoginTestWithDataDrivenApproach.loginTest(java.lang.String,java.lang.String,java.lang.String)]]>
              </value>
            </param>
          </params>
          <reporter-output>
          </reporter-output>
        </test-method> <!-- beforeMethod -->
        <test-method status="PASS" signature="loginTest(java.lang.String, java.lang.String, java.lang.String)[pri:0, instance:com.uiFramework.paras.selframework.testScripts.LoginPage.LoginTestWithDataDrivenApproach@370736d9]" name="loginTest" duration-ms="7505" started-at="2018-08-15T00:29:50Z" data-provider="testData" finished-at="2018-08-15T00:29:58Z">
          <params>
            <param index="0">
              <value>
                <![CDATA[1529830551216@gmail.com]]>
              </value>
            </param>
            <param index="1">
              <value>
                <![CDATA[password]]>
              </value>
            </param>
            <param index="2">
              <value>
                <![CDATA[Y]]>
              </value>
            </param>
          </params>
          <reporter-output>
            <line>
              <![CDATA[captureScreen method called]]>
            </line>
            <line>
              <![CDATA[<a href='D:\sel\uiFramework\src\main\resources\screenShots\blank_15_08_2018_12_29_55.png'><img src='D:\sel\uiFramework\src\main\resources\screenShots\blank_15_08_2018_12_29_55.png'height='100' width='100'/></a>]]>
            </line>
          </reporter-output>
        </test-method> <!-- loginTest -->
        <test-method status="PASS" signature="afterMethod(org.testng.ITestResult)[pri:0, instance:com.uiFramework.paras.selframework.testScripts.LoginPage.LoginTestWithDataDrivenApproach@370736d9]" name="afterMethod" is-config="true" duration-ms="562" started-at="2018-08-15T00:29:58Z" finished-at="2018-08-15T00:29:58Z">
          <params>
            <param index="0">
              <value>
                <![CDATA[[TestResult name=loginTest status=SUCCESS method=LoginTestWithDataDrivenApproach.loginTest(java.lang.String, java.lang.String, java.lang.String)[pri:0, instance:com.uiFramework.paras.selframework.testScripts.LoginPage.LoginTestWithDataDrivenApproach@370736d9] output=captureScreen method called]]]>
              </value>
            </param>
          </params>
          <reporter-output>
            <line>
              <![CDATA[captureScreen method called]]>
            </line>
            <line>
              <![CDATA[<a href='D:\sel\uiFramework\src\main\resources\screenShots\loginTest_15_08_2018_12_29_58.png'><img src='D:\sel\uiFramework\src\main\resources\screenShots\loginTest_15_08_2018_12_29_58.png'height='100' width='100'/></a>]]>
            </line>
          </reporter-output>
        </test-method> <!-- afterMethod -->
        <test-method status="PASS" signature="beforeMethod(java.lang.reflect.Method)[pri:0, instance:com.uiFramework.paras.selframework.testScripts.LoginPage.LoginTestWithDataDrivenApproach@370736d9]" name="beforeMethod" is-config="true" duration-ms="0" started-at="2018-08-15T00:29:58Z" finished-at="2018-08-15T00:29:58Z">
          <params>
            <param index="0">
              <value>
                <![CDATA[public void com.uiFramework.paras.selframework.testScripts.LoginPage.LoginTestWithDataDrivenApproach.loginTest(java.lang.String,java.lang.String,java.lang.String)]]>
              </value>
            </param>
          </params>
          <reporter-output>
          </reporter-output>
        </test-method> <!-- beforeMethod -->
        <test-method status="PASS" signature="loginTest(java.lang.String, java.lang.String, java.lang.String)[pri:0, instance:com.uiFramework.paras.selframework.testScripts.LoginPage.LoginTestWithDataDrivenApproach@370736d9]" name="loginTest" duration-ms="6784" started-at="2018-08-15T00:29:58Z" data-provider="testData" finished-at="2018-08-15T00:30:05Z">
          <params>
            <param index="0">
              <value>
                <![CDATA[1529830551216@gmail.com]]>
              </value>
            </param>
            <param index="1">
              <value>
                <![CDATA[password]]>
              </value>
            </param>
            <param index="2">
              <value>
                <![CDATA[Y]]>
              </value>
            </param>
          </params>
          <reporter-output>
            <line>
              <![CDATA[captureScreen method called]]>
            </line>
            <line>
              <![CDATA[<a href='D:\sel\uiFramework\src\main\resources\screenShots\blank_15_08_2018_12_30_02.png'><img src='D:\sel\uiFramework\src\main\resources\screenShots\blank_15_08_2018_12_30_02.png'height='100' width='100'/></a>]]>
            </line>
          </reporter-output>
        </test-method> <!-- loginTest -->
        <test-method status="PASS" signature="afterMethod(org.testng.ITestResult)[pri:0, instance:com.uiFramework.paras.selframework.testScripts.LoginPage.LoginTestWithDataDrivenApproach@370736d9]" name="afterMethod" is-config="true" duration-ms="406" started-at="2018-08-15T00:30:05Z" finished-at="2018-08-15T00:30:06Z">
          <params>
            <param index="0">
              <value>
                <![CDATA[[TestResult name=loginTest status=SUCCESS method=LoginTestWithDataDrivenApproach.loginTest(java.lang.String, java.lang.String, java.lang.String)[pri:0, instance:com.uiFramework.paras.selframework.testScripts.LoginPage.LoginTestWithDataDrivenApproach@370736d9] output=captureScreen method called]]]>
              </value>
            </param>
          </params>
          <reporter-output>
            <line>
              <![CDATA[captureScreen method called]]>
            </line>
            <line>
              <![CDATA[<a href='D:\sel\uiFramework\src\main\resources\screenShots\loginTest_15_08_2018_12_30_05.png'><img src='D:\sel\uiFramework\src\main\resources\screenShots\loginTest_15_08_2018_12_30_05.png'height='100' width='100'/></a>]]>
            </line>
          </reporter-output>
        </test-method> <!-- afterMethod -->
        <test-method status="PASS" signature="beforeMethod(java.lang.reflect.Method)[pri:0, instance:com.uiFramework.paras.selframework.testScripts.LoginPage.LoginTestWithDataDrivenApproach@370736d9]" name="beforeMethod" is-config="true" duration-ms="1" started-at="2018-08-15T00:30:06Z" finished-at="2018-08-15T00:30:06Z">
          <params>
            <param index="0">
              <value>
                <![CDATA[public void com.uiFramework.paras.selframework.testScripts.LoginPage.LoginTestWithDataDrivenApproach.loginTest(java.lang.String,java.lang.String,java.lang.String)]]>
              </value>
            </param>
          </params>
          <reporter-output>
          </reporter-output>
        </test-method> <!-- beforeMethod -->
        <test-method status="SKIP" signature="loginTest(java.lang.String, java.lang.String, java.lang.String)[pri:0, instance:com.uiFramework.paras.selframework.testScripts.LoginPage.LoginTestWithDataDrivenApproach@370736d9]" name="loginTest" duration-ms="4" started-at="2018-08-15T00:30:06Z" data-provider="testData" finished-at="2018-08-15T00:30:06Z">
          <params>
            <param index="0">
              <value>
                <![CDATA[1529830551216@gmail.com]]>
              </value>
            </param>
            <param index="1">
              <value>
                <![CDATA[password]]>
              </value>
            </param>
            <param index="2">
              <value>
                <![CDATA[N]]>
              </value>
            </param>
          </params>
          <exception class="org.testng.SkipException">
            <message>
              <![CDATA[Run mode for this set of data is marked N]]>
            </message>
            <full-stacktrace>
              <![CDATA[org.testng.SkipException: Run mode for this set of data is marked N
	at com.uiFramework.paras.selframework.testScripts.LoginPage.LoginTestWithDataDrivenApproach.loginTest(LoginTestWithDataDrivenApproach.java:37)
	at sun.reflect.NativeMethodAccessorImpl.invoke0(Native Method)
	at sun.reflect.NativeMethodAccessorImpl.invoke(NativeMethodAccessorImpl.java:62)
	at sun.reflect.DelegatingMethodAccessorImpl.invoke(DelegatingMethodAccessorImpl.java:43)
	at java.lang.reflect.Method.invoke(Method.java:498)
	at org.testng.internal.MethodInvocationHelper.invokeMethod(MethodInvocationHelper.java:108)
	at org.testng.internal.Invoker.invokeMethod(Invoker.java:661)
	at org.testng.internal.Invoker.invokeTestMethod(Invoker.java:869)
	at org.testng.internal.Invoker.invokeTestMethods(Invoker.java:1193)
	at org.testng.internal.TestMethodWorker.invokeTestMethods(TestMethodWorker.java:126)
	at org.testng.internal.TestMethodWorker.run(TestMethodWorker.java:109)
	at org.testng.TestRunner.privateRun(TestRunner.java:744)
	at org.testng.TestRunner.run(TestRunner.java:602)
	at org.testng.SuiteRunner.runTest(SuiteRunner.java:380)
	at org.testng.SuiteRunner.runSequentially(SuiteRunner.java:375)
	at org.testng.SuiteRunner.privateRun(SuiteRunner.java:340)
	at org.testng.SuiteRunner.run(SuiteRunner.java:289)
	at org.testng.SuiteRunnerWorker.runSuite(SuiteRunnerWorker.java:52)
	at org.testng.SuiteRunnerWorker.run(SuiteRunnerWorker.java:86)
	at org.testng.TestNG.runSuitesSequentially(TestNG.java:1301)
	at org.testng.TestNG.runSuitesLocally(TestNG.java:1226)
	at org.testng.TestNG.runSuites(TestNG.java:1144)
	at org.testng.TestNG.run(TestNG.java:1115)
	at org.testng.remote.AbstractRemoteTestNG.run(AbstractRemoteTestNG.java:114)
	at org.testng.remote.RemoteTestNG.initAndRun(RemoteTestNG.java:251)
	at org.testng.remote.RemoteTestNG.main(RemoteTestNG.java:77)
]]>
            </full-stacktrace>
          </exception> <!-- org.testng.SkipException -->
          <reporter-output>
          </reporter-output>
        </test-method> <!-- loginTest -->
        <test-method status="PASS" signature="afterMethod(org.testng.ITestResult)[pri:0, instance:com.uiFramework.paras.selframework.testScripts.LoginPage.LoginTestWithDataDrivenApproach@370736d9]" name="afterMethod" is-config="true" duration-ms="43" started-at="2018-08-15T00:30:06Z" finished-at="2018-08-15T00:30:06Z">
          <params>
            <param index="0">
              <value>
                <![CDATA[[TestResult name=loginTest status=SKIP method=LoginTestWithDataDrivenApproach.loginTest(java.lang.String, java.lang.String, java.lang.String)[pri:0, instance:com.uiFramework.paras.selframework.testScripts.LoginPage.LoginTestWithDataDrivenApproach@370736d9] output={null}]]]>
              </value>
            </param>
          </params>
          <reporter-output>
          </reporter-output>
        </test-method> <!-- afterMethod -->
        <test-method status="PASS" signature="afterTest()[pri:0, instance:com.uiFramework.paras.selframework.testScripts.LoginPage.LoginTestWithDataDrivenApproach@370736d9]" name="afterTest" is-config="true" duration-ms="75" started-at="2018-08-15T00:30:06Z" finished-at="2018-08-15T00:30:06Z">
          <reporter-output>
          </reporter-output>
        </test-method> <!-- afterTest -->
      </class> <!-- com.uiFramework.paras.selframework.testScripts.LoginPage.LoginTestWithDataDrivenApproach -->
    </test> <!-- Default test -->
  </suite> <!-- Default suite -->
</testng-results>
